-------------------------------------------------------------------------------
Test set: com.trymily.api.core.tenant.RlsIsolationTest
-------------------------------------------------------------------------------
Tests run: 3, Failures: 3, Errors: 0, Skipped: 0, Time elapsed: 2.906 s <<< FAILURE! -- in com.trymily.api.core.tenant.RlsIsolationTest
com.trymily.api.core.tenant.RlsIsolationTest.shouldOnlySeeTenantADataWhenContextIsSetToTenantA -- Time elapsed: 0.391 s <<< FAILURE!
java.lang.AssertionError: 

Expected size: 1 but was: 2 in:
[com.trymily.api.modules.appointments.Appointment@5765cd21,
    com.trymily.api.modules.appointments.Appointment@608c03e3]
	at com.trymily.api.core.tenant.RlsIsolationTest.shouldOnlySeeTenantADataWhenContextIsSetToTenantA(RlsIsolationTest.java:75)
	at java.base/java.lang.reflect.Method.invoke(Method.java:580)
	at java.base/java.util.ArrayList.forEach(ArrayList.java:1596)
	at java.base/java.util.ArrayList.forEach(ArrayList.java:1596)

com.trymily.api.core.tenant.RlsIsolationTest.shouldOnlySeeTenantBDataWhenContextIsSetToTenantB -- Time elapsed: 0.013 s <<< FAILURE!
java.lang.AssertionError: 

Expected size: 1 but was: 2 in:
[com.trymily.api.modules.appointments.Appointment@27b89e0a,
    com.trymily.api.modules.appointments.Appointment@42bb0492]
	at com.trymily.api.core.tenant.RlsIsolationTest.shouldOnlySeeTenantBDataWhenContextIsSetToTenantB(RlsIsolationTest.java:89)
	at java.base/java.lang.reflect.Method.invoke(Method.java:580)
	at java.base/java.util.ArrayList.forEach(ArrayList.java:1596)
	at java.base/java.util.ArrayList.forEach(ArrayList.java:1596)

com.trymily.api.core.tenant.RlsIsolationTest.shouldSeeNoDataWhenNoTenantContextIsSet -- Time elapsed: 0.013 s <<< FAILURE!
java.lang.AssertionError: 

Expecting empty but was: [com.trymily.api.modules.appointments.Appointment@5524e471,
    com.trymily.api.modules.appointments.Appointment@3b6d94fc]
	at com.trymily.api.core.tenant.RlsIsolationTest.shouldSeeNoDataWhenNoTenantContextIsSet(RlsIsolationTest.java:103)
	at java.base/java.lang.reflect.Method.invoke(Method.java:580)
	at java.base/java.util.ArrayList.forEach(ArrayList.java:1596)
	at java.base/java.util.ArrayList.forEach(ArrayList.java:1596)

