<?xml version="1.0" encoding="UTF-8"?>
<testsuite xmlns:xsi="http://www.w3.org/2001/XMLSchema-instance" xsi:noNamespaceSchemaLocation="https://maven.apache.org/surefire/maven-surefire-plugin/xsd/surefire-test-report.xsd" version="3.0.2" name="com.trymily.api.modules.auth.SocialLoginIntegrationTest" time="0.046" tests="2" errors="0" skipped="0" failures="0">
  <properties>
[...]
</properties>
  <testcase name="shouldProvisionUserAndReturnTokenOnGoogleLogin" classname="com.trymily.api.modules.auth.SocialLoginIntegrationTest" time="0.031">
    <system-out><![CDATA[2026-02-25T21:07:37.294-03:00  INFO 13961 --- [trymily-api] [           main] t.c.s.AnnotationConfigContextLoaderUtils : Could not detect default configuration classes for test class [com.trymily.api.modules.auth.SocialLoginIntegrationTest]: SocialLoginIntegrationTest does not declare any static, non-private, non-final, nested classes annotated with @Configuration.
2026-02-25T21:07:37.295-03:00  INFO 13961 --- [trymily-api] [           main] .b.t.c.SpringBootTestContextBootstrapper : Found @SpringBootConfiguration com.trymily.api.TrymilyApiApplication for test class com.trymily.api.modules.auth.SocialLoginIntegrationTest
Hibernate: 
    select
        u1_0.id,
        u1_0.created_at,
        u1_0.email,
        u1_0.full_name,
        u1_0.password,
        u1_0.picture_url,
        u1_0.provider,
        u1_0.provider_id,
        u1_0.role,
        u1_0.tenant_id,
        u1_0.updated_at 
    from
        users u1_0
Hibernate: 
    delete 
    from
        users 
    where
        id=?
2026-02-25T21:07:37.299-03:00  INFO 13961 --- [trymily-api] [           main] c.trymily.api.modules.users.UserService  : Processing social login for email: newuser@gmail.com from provider: GOOGLE
Hibernate: 
    select
        u1_0.id,
        u1_0.created_at,
        u1_0.email,
        u1_0.full_name,
        u1_0.password,
        u1_0.picture_url,
        u1_0.provider,
        u1_0.provider_id,
        u1_0.role,
        u1_0.tenant_id,
        u1_0.updated_at 
    from
        users u1_0 
    where
        u1_0.provider_id=?
2026-02-25T21:07:37.301-03:00  INFO 13961 --- [trymily-api] [           main] c.trymily.api.modules.users.UserService  : Provisioning new user for email: newuser@gmail.com
Hibernate: 
    insert 
    into
        users
        (created_at, email, full_name, password, picture_url, provider, provider_id, role, tenant_id, updated_at, id) 
    values
        (?, ?, ?, ?, ?, ?, ?, ?, ?, ?, ?)
2026-02-25T21:07:37.303-03:00 DEBUG 13961 --- [trymily-api] [           main] o.s.security.web.FilterChainProxy        : Securing POST /api/v1/auth/google
2026-02-25T21:07:37.303-03:00 DEBUG 13961 --- [trymily-api] [           main] o.s.security.web.FilterChainProxy        : Secured POST /api/v1/auth/google
Hibernate: 
    select
        u1_0.id,
        u1_0.created_at,
        u1_0.email,
        u1_0.full_name,
        u1_0.password,
        u1_0.picture_url,
        u1_0.provider,
        u1_0.provider_id,
        u1_0.role,
        u1_0.tenant_id,
        u1_0.updated_at 
    from
        users u1_0 
    where
        u1_0.provider_id=?
2026-02-25T21:07:37.312-03:00 DEBUG 13961 --- [trymily-api] [           main] c.t.api.core.tenant.TenantContextHolder  : Clearing tenant ID
Hibernate: 
    select
        u1_0.id,
        u1_0.created_at,
        u1_0.email,
        u1_0.full_name,
        u1_0.password,
        u1_0.picture_url,
        u1_0.provider,
        u1_0.provider_id,
        u1_0.role,
        u1_0.tenant_id,
        u1_0.updated_at 
    from
        users u1_0 
    where
        u1_0.provider_id=?
]]></system-out>
  </testcase>
  <testcase name="shouldUpdateExistingUserOnGoogleLogin" classname="com.trymily.api.modules.auth.SocialLoginIntegrationTest" time="0.011">
    <system-out><![CDATA[Hibernate: 
    select
        u1_0.id,
        u1_0.created_at,
        u1_0.email,
        u1_0.full_name,
        u1_0.password,
        u1_0.picture_url,
        u1_0.provider,
        u1_0.provider_id,
        u1_0.role,
        u1_0.tenant_id,
        u1_0.updated_at 
    from
        users u1_0
Hibernate: 
    delete 
    from
        users 
    where
        id=?
Hibernate: 
    insert 
    into
        users
        (created_at, email, full_name, password, picture_url, provider, provider_id, role, tenant_id, updated_at, id) 
    values
        (?, ?, ?, ?, ?, ?, ?, ?, ?, ?, ?)
2026-02-25T21:07:37.332-03:00  INFO 13961 --- [trymily-api] [           main] c.trymily.api.modules.users.UserService  : Processing social login for email: old@gmail.com from provider: GOOGLE
Hibernate: 
    select
        u1_0.id,
        u1_0.created_at,
        u1_0.email,
        u1_0.full_name,
        u1_0.password,
        u1_0.picture_url,
        u1_0.provider,
        u1_0.provider_id,
        u1_0.role,
        u1_0.tenant_id,
        u1_0.updated_at 
    from
        users u1_0 
    where
        u1_0.provider_id=?
2026-02-25T21:07:37.333-03:00 DEBUG 13961 --- [trymily-api] [           main] c.trymily.api.modules.users.UserService  : Updating existing user: 8ff3fdf3-ee9c-4b59-ab53-6a979c42f44c
Hibernate: 
    update
        users 
    set
        email=?,
        full_name=?,
        password=?,
        picture_url=?,
        provider=?,
        provider_id=?,
        role=?,
        tenant_id=?,
        updated_at=? 
    where
        id=?
2026-02-25T21:07:37.336-03:00 DEBUG 13961 --- [trymily-api] [           main] o.s.security.web.FilterChainProxy        : Securing POST /api/v1/auth/google
2026-02-25T21:07:37.336-03:00 DEBUG 13961 --- [trymily-api] [           main] o.s.security.web.FilterChainProxy        : Secured POST /api/v1/auth/google
Hibernate: 
    select
        u1_0.id,
        u1_0.created_at,
        u1_0.email,
        u1_0.full_name,
        u1_0.password,
        u1_0.picture_url,
        u1_0.provider,
        u1_0.provider_id,
        u1_0.role,
        u1_0.tenant_id,
        u1_0.updated_at 
    from
        users u1_0 
    where
        u1_0.provider_id=?
2026-02-25T21:07:37.338-03:00 DEBUG 13961 --- [trymily-api] [           main] c.t.api.core.tenant.TenantContextHolder  : Clearing tenant ID
]]></system-out>
  </testcase>
</testsuite>