<?xml version="1.0" encoding="UTF-8"?>
<testsuite xmlns:xsi="http://www.w3.org/2001/XMLSchema-instance" xsi:noNamespaceSchemaLocation="https://maven.apache.org/surefire/maven-surefire-plugin/xsd/surefire-test-report.xsd" version="3.0.2" name="com.trymily.api.modules.appointments.AppointmentRepositoryTest" time="2.117" tests="1" errors="0" skipped="0" failures="0">
  <properties>
[...]
</properties>
  <testcase name="shouldSaveAndFindAppointment" classname="com.trymily.api.modules.appointments.AppointmentRepositoryTest" time="0.317">
    <system-out><![CDATA[22:05:37.067 [main] INFO org.springframework.test.context.support.AnnotationConfigContextLoaderUtils -- Could not detect default configuration classes for test class [com.trymily.api.modules.appointments.AppointmentRepositoryTest]: AppointmentRepositoryTest does not declare any static, non-private, non-final, nested classes annotated with @Configuration.
22:05:37.181 [main] INFO org.springframework.boot.test.context.SpringBootTestContextBootstrapper -- Found @SpringBootConfiguration com.trymily.api.TrymilyApiApplication for test class com.trymily.api.modules.appointments.AppointmentRepositoryTest

  .   ____          _            __ _ _
 /\\ / ___'_ __ _ _(_)_ __  __ _ \ \ \ \
( ( )\___ | '_ | '_| | '_ \/ _` | \ \ \ \
 \\/  ___)| |_)| | | | | || (_| |  ) ) ) )
  '  |____| .__|_| |_|_| |_\__, | / / / /
 =========|_|==============|___/=/_/_/_/

 :: Spring Boot ::                (v3.4.3)

2026-02-23T22:05:37.418-03:00  INFO 21891 --- [trymily-api] [           main] c.t.a.m.a.AppointmentRepositoryTest      : Starting AppointmentRepositoryTest using Java 21.0.10 with PID 21891 (started by mero in /home/mero/ws/trymily/trymily-api)
2026-02-23T22:05:37.419-03:00 DEBUG 21891 --- [trymily-api] [           main] c.t.a.m.a.AppointmentRepositoryTest      : Running with Spring Boot v3.4.3, Spring v6.2.3
2026-02-23T22:05:37.419-03:00  INFO 21891 --- [trymily-api] [           main] c.t.a.m.a.AppointmentRepositoryTest      : The following 1 profile is active: "test"
2026-02-23T22:05:37.597-03:00  INFO 21891 --- [trymily-api] [           main] .s.d.r.c.RepositoryConfigurationDelegate : Bootstrapping Spring Data JPA repositories in DEFAULT mode.
2026-02-23T22:05:37.637-03:00  INFO 21891 --- [trymily-api] [           main] .s.d.r.c.RepositoryConfigurationDelegate : Finished Spring Data repository scanning in 33 ms. Found 3 JPA repository interfaces.
2026-02-23T22:05:37.672-03:00  INFO 21891 --- [trymily-api] [           main] beddedDataSourceBeanFactoryPostProcessor : Replacing 'dataSource' DataSource bean with embedded version
2026-02-23T22:05:37.756-03:00  INFO 21891 --- [trymily-api] [           main] o.s.j.d.e.EmbeddedDatabaseFactory        : Starting embedded database: url='jdbc:h2:mem:70839a4d-6030-45bc-a505-8014e606803f;DB_CLOSE_DELAY=-1;DB_CLOSE_ON_EXIT=false', username='sa'
2026-02-23T22:05:37.879-03:00  INFO 21891 --- [trymily-api] [           main] o.hibernate.jpa.internal.util.LogHelper  : HHH000204: Processing PersistenceUnitInfo [name: default]
2026-02-23T22:05:37.915-03:00  INFO 21891 --- [trymily-api] [           main] org.hibernate.Version                    : HHH000412: Hibernate ORM core version 6.6.8.Final
2026-02-23T22:05:37.934-03:00  INFO 21891 --- [trymily-api] [           main] o.h.c.internal.RegionFactoryInitiator    : HHH000026: Second-level cache disabled
2026-02-23T22:05:37.974-03:00  INFO 21891 --- [trymily-api] [           main] o.h.e.boot.internal.EnversServiceImpl    : Envers integration enabled? : true
2026-02-23T22:05:38.060-03:00  INFO 21891 --- [trymily-api] [           main] o.s.o.j.p.SpringPersistenceUnitInfo      : No LoadTimeWeaver setup: ignoring JPA class transformer
2026-02-23T22:05:38.079-03:00  WARN 21891 --- [trymily-api] [           main] org.hibernate.orm.deprecation            : HHH90000025: H2Dialect does not need to be specified explicitly using 'hibernate.dialect' (remove the property setting and it will be selected by default)
2026-02-23T22:05:38.087-03:00  INFO 21891 --- [trymily-api] [           main] org.hibernate.orm.connections.pooling    : HHH10001005: Database info:
	Database JDBC URL [Connecting through datasource 'org.springframework.jdbc.datasource.embedded.EmbeddedDatabaseFactory$EmbeddedDataSourceProxy@a3b858f']
	Database driver: undefined/unknown
	Database version: 2.3.232
	Autocommit mode: undefined/unknown
	Isolation level: undefined/unknown
	Minimum pool size: undefined/unknown
	Maximum pool size: undefined/unknown
2026-02-23T22:05:38.180-03:00  INFO 21891 --- [trymily-api] [           main] o.h.e.c.i.m.AuditMetadataGenerator       : Adding properties for entity: com.trymily.api.modules.users.User
2026-02-23T22:05:38.182-03:00  INFO 21891 --- [trymily-api] [           main] o.h.e.c.i.m.AuditMetadataGenerator       : Adding properties for entity: com.trymily.api.modules.tenants.Tenant
2026-02-23T22:05:38.182-03:00  INFO 21891 --- [trymily-api] [           main] o.h.e.c.i.m.AuditMetadataGenerator       : Adding properties for entity: com.trymily.api.modules.appointments.Appointment
2026-02-23T22:05:38.549-03:00  INFO 21891 --- [trymily-api] [           main] o.h.e.t.j.p.i.JtaPlatformInitiator       : HHH000489: No JTA platform available (set 'hibernate.transaction.jta.platform' to enable JTA platform integration)
Hibernate: 
    drop table if exists appointments cascade 
Hibernate: 
    drop table if exists appointments_aud cascade 
Hibernate: 
    drop table if exists revinfo cascade 
Hibernate: 
    drop table if exists tenants cascade 
Hibernate: 
    drop table if exists tenants_aud cascade 
Hibernate: 
    drop table if exists users cascade 
Hibernate: 
    drop table if exists users_aud cascade 
Hibernate: 
    create table appointments (
        created_at timestamp(6) with time zone,
        end_time timestamp(6) with time zone not null,
        start_time timestamp(6) with time zone not null,
        updated_at timestamp(6) with time zone,
        id uuid not null,
        tenant_id uuid not null,
        customer_name varchar(255) not null,
        status varchar(255) not null,
        primary key (id)
    )
Hibernate: 
    create table appointments_aud (
        rev integer not null,
        revtype tinyint,
        created_at timestamp(6) with time zone,
        end_time timestamp(6) with time zone,
        start_time timestamp(6) with time zone,
        updated_at timestamp(6) with time zone,
        id uuid not null,
        tenant_id uuid,
        customer_name varchar(255),
        status varchar(255),
        primary key (rev, id)
    )
Hibernate: 
    create table revinfo (
        rev integer generated by default as identity,
        revtstmp bigint,
        primary key (rev)
    )
Hibernate: 
    create table tenants (
        created_at timestamp(6) with time zone,
        updated_at timestamp(6) with time zone,
        id uuid not null,
        name varchar(255) not null,
        status varchar(255) not null,
        primary key (id)
    )
Hibernate: 
    create table tenants_aud (
        rev integer not null,
        revtype tinyint,
        created_at timestamp(6) with time zone,
        updated_at timestamp(6) with time zone,
        id uuid not null,
        name varchar(255),
        status varchar(255),
        primary key (rev, id)
    )
Hibernate: 
    create table users (
        created_at timestamp(6) with time zone,
        updated_at timestamp(6) with time zone,
        id uuid not null,
        tenant_id uuid,
        email varchar(255) not null unique,
        full_name varchar(255),
        picture_url varchar(255),
        provider varchar(255) not null,
        provider_id varchar(255) unique,
        role varchar(255) not null,
        primary key (id)
    )
Hibernate: 
    create table users_aud (
        rev integer not null,
        revtype tinyint,
        created_at timestamp(6) with time zone,
        updated_at timestamp(6) with time zone,
        id uuid not null,
        tenant_id uuid,
        email varchar(255),
        full_name varchar(255),
        picture_url varchar(255),
        provider varchar(255),
        provider_id varchar(255),
        role varchar(255),
        primary key (rev, id)
    )
Hibernate: 
    alter table if exists appointments 
       add constraint FKrx65i1v7m43ynclnw2sqn1sj 
       foreign key (tenant_id) 
       references tenants
Hibernate: 
    alter table if exists appointments_aud 
       add constraint FKl0sa2px8qqyevviu9fil921jf 
       foreign key (rev) 
       references revinfo
Hibernate: 
    alter table if exists tenants_aud 
       add constraint FKp6sx5m43b8yinc2o2f1qad5hv 
       foreign key (rev) 
       references revinfo
Hibernate: 
    alter table if exists users 
       add constraint FK21hn1a5ja1tve7ae02fnn4cld 
       foreign key (tenant_id) 
       references tenants
Hibernate: 
    alter table if exists users_aud 
       add constraint FKc4vk4tui2la36415jpgm9leoq 
       foreign key (rev) 
       references revinfo
2026-02-23T22:05:38.585-03:00  INFO 21891 --- [trymily-api] [           main] j.LocalContainerEntityManagerFactoryBean : Initialized JPA EntityManagerFactory for persistence unit 'default'
2026-02-23T22:05:38.773-03:00  INFO 21891 --- [trymily-api] [           main] c.t.a.m.a.AppointmentRepositoryTest      : Started AppointmentRepositoryTest in 1.558 seconds (process running for 2.142)
]]></system-out>
    <system-err><![CDATA[Mockito is currently self-attaching to enable the inline-mock-maker. This will no longer work in future releases of the JDK. Please add Mockito as an agent to your build what is described in Mockito's documentation: https://javadoc.io/doc/org.mockito/mockito-core/latest/org/mockito/Mockito.html#0.3
WARNING: A Java agent has been loaded dynamically (/home/mero/.m2/repository/net/bytebuddy/byte-buddy-agent/1.15.11/byte-buddy-agent-1.15.11.jar)
WARNING: If a serviceability tool is in use, please run with -XX:+EnableDynamicAgentLoading to hide this warning
WARNING: If a serviceability tool is not in use, please run with -Djdk.instrument.traceUsage for more information
WARNING: Dynamic loading of agents will be disallowed by default in a future release
]]></system-err>
  </testcase>
</testsuite>