<?xml version="1.0" encoding="UTF-8"?>
<testsuite xmlns:xsi="http://www.w3.org/2001/XMLSchema-instance" xsi:noNamespaceSchemaLocation="https://maven.apache.org/surefire/maven-surefire-plugin/xsd/surefire-test-report.xsd" version="3.0.2" name="com.trymily.api.modules.services.ServiceControllerTest" time="3.023" tests="5" errors="0" skipped="0" failures="0">
  <properties>
[...]
</properties>
  <testcase name="shouldDenyCreateForNonAdmin" classname="com.trymily.api.modules.services.ServiceControllerTest" time="0.428">
    <system-out><![CDATA[20:55:06.287 [main] INFO org.springframework.test.context.support.AnnotationConfigContextLoaderUtils -- Could not detect default configuration classes for test class [com.trymily.api.modules.services.ServiceControllerTest]: ServiceControllerTest does not declare any static, non-private, non-final, nested classes annotated with @Configuration.
20:55:06.382 [main] INFO org.springframework.boot.test.context.SpringBootTestContextBootstrapper -- Found @SpringBootConfiguration com.trymily.api.TrymilyApiApplication for test class com.trymily.api.modules.services.ServiceControllerTest

  .   ____          _            __ _ _
 /\\ / ___'_ __ _ _(_)_ __  __ _ \ \ \ \
( ( )\___ | '_ | '_| | '_ \/ _` | \ \ \ \
 \\/  ___)| |_)| | | | | || (_| |  ) ) ) )
  '  |____| .__|_| |_|_| |_\__, | / / / /
 =========|_|==============|___/=/_/_/_/

 :: Spring Boot ::                (v3.4.3)

2026-02-25T20:55:06.621-03:00  INFO 8033 --- [trymily-api] [           main] c.t.a.m.services.ServiceControllerTest   : Starting ServiceControllerTest using Java 21.0.10 with PID 8033 (started by mero in /home/mero/ws/trymily/trymily-api)
2026-02-25T20:55:06.622-03:00 DEBUG 8033 --- [trymily-api] [           main] c.t.a.m.services.ServiceControllerTest   : Running with Spring Boot v3.4.3, Spring v6.2.3
2026-02-25T20:55:06.622-03:00  INFO 8033 --- [trymily-api] [           main] c.t.a.m.services.ServiceControllerTest   : The following 1 profile is active: "test"
2026-02-25T20:55:06.996-03:00  INFO 8033 --- [trymily-api] [           main] .s.d.r.c.RepositoryConfigurationDelegate : Bootstrapping Spring Data JPA repositories in DEFAULT mode.
2026-02-25T20:55:07.034-03:00  INFO 8033 --- [trymily-api] [           main] .s.d.r.c.RepositoryConfigurationDelegate : Finished Spring Data repository scanning in 31 ms. Found 4 JPA repository interfaces.
2026-02-25T20:55:07.342-03:00  INFO 8033 --- [trymily-api] [           main] o.hibernate.jpa.internal.util.LogHelper  : HHH000204: Processing PersistenceUnitInfo [name: default]
2026-02-25T20:55:07.369-03:00  INFO 8033 --- [trymily-api] [           main] org.hibernate.Version                    : HHH000412: Hibernate ORM core version 6.6.8.Final
2026-02-25T20:55:07.387-03:00  INFO 8033 --- [trymily-api] [           main] o.h.c.internal.RegionFactoryInitiator    : HHH000026: Second-level cache disabled
2026-02-25T20:55:07.440-03:00  INFO 8033 --- [trymily-api] [           main] o.h.e.boot.internal.EnversServiceImpl    : Envers integration enabled? : false
2026-02-25T20:55:07.451-03:00  INFO 8033 --- [trymily-api] [           main] com.zaxxer.hikari.HikariDataSource       : HikariPool-1 - Starting...
2026-02-25T20:55:07.528-03:00  INFO 8033 --- [trymily-api] [           main] com.zaxxer.hikari.pool.HikariPool        : HikariPool-1 - Added connection conn0: url=jdbc:h2:mem:trymily user=SA
2026-02-25T20:55:07.529-03:00  INFO 8033 --- [trymily-api] [           main] com.zaxxer.hikari.HikariDataSource       : HikariPool-1 - Start completed.
2026-02-25T20:55:07.540-03:00  WARN 8033 --- [trymily-api] [           main] org.hibernate.orm.deprecation            : HHH90000025: H2Dialect does not need to be specified explicitly using 'hibernate.dialect' (remove the property setting and it will be selected by default)
2026-02-25T20:55:07.548-03:00  INFO 8033 --- [trymily-api] [           main] org.hibernate.orm.connections.pooling    : HHH10001005: Database info:
	Database JDBC URL [Connecting through datasource 'com.trymily.api.core.config.datasource.TenantAwareDataSource@74c9e11']
	Database driver: undefined/unknown
	Database version: 2.3.232
	Autocommit mode: undefined/unknown
	Isolation level: undefined/unknown
	Minimum pool size: undefined/unknown
	Maximum pool size: undefined/unknown
2026-02-25T20:55:07.627-03:00  INFO 8033 --- [trymily-api] [           main] o.s.o.j.p.SpringPersistenceUnitInfo      : No LoadTimeWeaver setup: ignoring JPA class transformer
2026-02-25T20:55:08.114-03:00  INFO 8033 --- [trymily-api] [           main] o.h.e.t.j.p.i.JtaPlatformInitiator       : HHH000489: No JTA platform available (set 'hibernate.transaction.jta.platform' to enable JTA platform integration)
Hibernate: 
    drop table if exists appointments cascade 
Hibernate: 
    drop table if exists services cascade 
Hibernate: 
    drop table if exists tenants cascade 
Hibernate: 
    drop table if exists users cascade 
Hibernate: 
    create table appointments (
        created_at timestamp(6) with time zone,
        end_time timestamp(6) with time zone not null,
        start_time timestamp(6) with time zone not null,
        updated_at timestamp(6) with time zone,
        id uuid not null,
        tenant_id uuid not null,
        customer_name varchar(255) not null,
        status varchar(255) not null,
        primary key (id)
    )
Hibernate: 
    create table services (
        duration_minutes integer not null,
        price numeric(12,2) not null,
        version integer,
        created_at timestamp(6) with time zone,
        updated_at timestamp(6) with time zone,
        id uuid not null,
        tenant_id uuid not null,
        created_by varchar(255),
        description varchar(255),
        last_modified_by varchar(255),
        name varchar(255) not null,
        status varchar(255) not null,
        primary key (id)
    )
Hibernate: 
    create table tenants (
        created_at timestamp(6) with time zone,
        updated_at timestamp(6) with time zone,
        id uuid not null,
        phone varchar(20),
        address text,
        logo_url text,
        name varchar(255) not null,
        status varchar(255) not null,
        settings jsonb,
        primary key (id)
    )
Hibernate: 
    create table users (
        created_at timestamp(6) with time zone,
        updated_at timestamp(6) with time zone,
        id uuid not null,
        tenant_id uuid,
        email varchar(255) not null unique,
        full_name varchar(255),
        password varchar(255),
        picture_url varchar(255),
        provider varchar(255) not null,
        provider_id varchar(255) unique,
        role varchar(255) not null,
        primary key (id)
    )
Hibernate: 
    alter table if exists appointments 
       add constraint FKrx65i1v7m43ynclnw2sqn1sj 
       foreign key (tenant_id) 
       references tenants
Hibernate: 
    alter table if exists users 
       add constraint FK21hn1a5ja1tve7ae02fnn4cld 
       foreign key (tenant_id) 
       references tenants
2026-02-25T20:55:08.144-03:00  INFO 8033 --- [trymily-api] [           main] j.LocalContainerEntityManagerFactoryBean : Initialized JPA EntityManagerFactory for persistence unit 'default'
2026-02-25T20:55:08.358-03:00  WARN 8033 --- [trymily-api] [           main] JpaBaseConfiguration$JpaWebConfiguration : spring.jpa.open-in-view is enabled by default. Therefore, database queries may be performed during view rendering. Explicitly configure spring.jpa.open-in-view to disable this warning
2026-02-25T20:55:08.367-03:00 DEBUG 8033 --- [trymily-api] [           main] swordEncoderAuthenticationManagerBuilder : No authenticationProviders and no parentAuthenticationManager defined. Returning null.
2026-02-25T20:55:08.529-03:00 DEBUG 8033 --- [trymily-api] [           main] o.s.s.web.DefaultSecurityFilterChain     : Will secure any request with filters: DisableEncodeUrlFilter, WebAsyncManagerIntegrationFilter, SecurityContextHolderFilter, HeaderWriterFilter, LogoutFilter, BearerTokenAuthenticationFilter, RequestCacheAwareFilter, SecurityContextHolderAwareRequestFilter, AnonymousAuthenticationFilter, SessionManagementFilter, ExceptionTranslationFilter, AuthorizationFilter
2026-02-25T20:55:08.690-03:00 DEBUG 8033 --- [trymily-api] [           main] c.trymily.api.core.tenant.TenantFilter   : Filter 'tenantFilter' configured for use
2026-02-25T20:55:08.690-03:00  INFO 8033 --- [trymily-api] [           main] o.s.b.t.m.w.SpringBootMockServletContext : Initializing Spring TestDispatcherServlet ''
2026-02-25T20:55:08.690-03:00  INFO 8033 --- [trymily-api] [           main] o.s.t.web.servlet.TestDispatcherServlet  : Initializing Servlet ''
2026-02-25T20:55:08.691-03:00  INFO 8033 --- [trymily-api] [           main] o.s.t.web.servlet.TestDispatcherServlet  : Completed initialization in 0 ms
2026-02-25T20:55:08.704-03:00  INFO 8033 --- [trymily-api] [           main] c.t.a.m.services.ServiceControllerTest   : Started ServiceControllerTest in 2.245 seconds (process running for 2.834)
2026-02-25T20:55:08.990-03:00 DEBUG 8033 --- [trymily-api] [           main] c.t.api.core.tenant.TenantContextHolder  : Clearing tenant ID
Hibernate: 
    select
        s1_0.id,
        s1_0.created_at,
        s1_0.created_by,
        s1_0.description,
        s1_0.duration_minutes,
        s1_0.last_modified_by,
        s1_0.name,
        s1_0.price,
        s1_0.status,
        s1_0.tenant_id,
        s1_0.updated_at,
        s1_0.version 
    from
        services s1_0
Hibernate: 
    select
        t1_0.id,
        t1_0.address,
        t1_0.created_at,
        t1_0.logo_url,
        t1_0.name,
        t1_0.phone,
        t1_0.settings,
        t1_0.status,
        t1_0.updated_at 
    from
        tenants t1_0
Hibernate: 
    insert 
    into
        tenants
        (address, created_at, logo_url, name, phone, settings, status, updated_at, id) 
    values
        (?, ?, ?, ?, ?, ?, ?, ?, ?)
2026-02-25T20:55:09.060-03:00 DEBUG 8033 --- [trymily-api] [           main] c.t.api.core.tenant.TenantContextHolder  : Setting tenant ID: f5b2c3a8-4ed0-4b13-9746-f56277643fd7
2026-02-25T20:55:09.086-03:00 DEBUG 8033 --- [trymily-api] [           main] o.s.security.web.FilterChainProxy        : Securing POST /api/v1/services
2026-02-25T20:55:09.089-03:00 DEBUG 8033 --- [trymily-api] [           main] o.s.security.web.FilterChainProxy        : Secured POST /api/v1/services
2026-02-25T20:55:09.089-03:00 DEBUG 8033 --- [trymily-api] [           main] c.t.api.core.tenant.TenantContextHolder  : Setting tenant ID: f5b2c3a8-4ed0-4b13-9746-f56277643fd7
2026-02-25T20:55:09.113-03:00 DEBUG 8033 --- [trymily-api] [           main] horizationManagerBeforeMethodInterceptor : Authorizing method invocation ReflectiveMethodInvocation: public com.trymily.api.modules.services.Service com.trymily.api.modules.services.ServiceController.create(com.trymily.api.modules.services.Service); target is of class [com.trymily.api.modules.services.ServiceController]
2026-02-25T20:55:09.123-03:00 DEBUG 8033 --- [trymily-api] [           main] horizationManagerBeforeMethodInterceptor : Failed to authorize ReflectiveMethodInvocation: public com.trymily.api.modules.services.Service com.trymily.api.modules.services.ServiceController.create(com.trymily.api.modules.services.Service); target is of class [com.trymily.api.modules.services.ServiceController] with authorization manager org.springframework.security.authorization.method.PreAuthorizeAuthorizationManager@29483d10 and result ExpressionAuthorizationDecision [granted=false, expressionAttribute=hasRole('ADMIN')]
2026-02-25T20:55:09.130-03:00 DEBUG 8033 --- [trymily-api] [           main] c.t.api.core.tenant.TenantContextHolder  : Clearing tenant ID
]]></system-out>
    <system-err><![CDATA[Mockito is currently self-attaching to enable the inline-mock-maker. This will no longer work in future releases of the JDK. Please add Mockito as an agent to your build what is described in Mockito's documentation: https://javadoc.io/doc/org.mockito/mockito-core/latest/org/mockito/Mockito.html#0.3
WARNING: A Java agent has been loaded dynamically (/home/mero/.m2/repository/net/bytebuddy/byte-buddy-agent/1.15.11/byte-buddy-agent-1.15.11.jar)
WARNING: If a serviceability tool is in use, please run with -XX:+EnableDynamicAgentLoading to hide this warning
WARNING: If a serviceability tool is not in use, please run with -Djdk.instrument.traceUsage for more information
WARNING: Dynamic loading of agents will be disallowed by default in a future release
]]></system-err>
  </testcase>
  <testcase name="shouldCreateService" classname="com.trymily.api.modules.services.ServiceControllerTest" time="0.034">
    <system-out><![CDATA[2026-02-25T20:55:09.140-03:00 DEBUG 8033 --- [trymily-api] [           main] c.t.api.core.tenant.TenantContextHolder  : Clearing tenant ID
Hibernate: 
    select
        s1_0.id,
        s1_0.created_at,
        s1_0.created_by,
        s1_0.description,
        s1_0.duration_minutes,
        s1_0.last_modified_by,
        s1_0.name,
        s1_0.price,
        s1_0.status,
        s1_0.tenant_id,
        s1_0.updated_at,
        s1_0.version 
    from
        services s1_0
Hibernate: 
    select
        t1_0.id,
        t1_0.address,
        t1_0.created_at,
        t1_0.logo_url,
        t1_0.name,
        t1_0.phone,
        t1_0.settings,
        t1_0.status,
        t1_0.updated_at 
    from
        tenants t1_0
Hibernate: 
    delete 
    from
        tenants 
    where
        id=?
Hibernate: 
    insert 
    into
        tenants
        (address, created_at, logo_url, name, phone, settings, status, updated_at, id) 
    values
        (?, ?, ?, ?, ?, ?, ?, ?, ?)
2026-02-25T20:55:09.148-03:00 DEBUG 8033 --- [trymily-api] [           main] c.t.api.core.tenant.TenantContextHolder  : Setting tenant ID: 8157e77e-81b9-4ccf-9318-89a66db91a1c
2026-02-25T20:55:09.148-03:00 DEBUG 8033 --- [trymily-api] [           main] o.s.security.web.FilterChainProxy        : Securing POST /api/v1/services
2026-02-25T20:55:09.149-03:00 DEBUG 8033 --- [trymily-api] [           main] o.s.security.web.FilterChainProxy        : Secured POST /api/v1/services
2026-02-25T20:55:09.149-03:00 DEBUG 8033 --- [trymily-api] [           main] c.t.api.core.tenant.TenantContextHolder  : Setting tenant ID: 8157e77e-81b9-4ccf-9318-89a66db91a1c
2026-02-25T20:55:09.150-03:00 DEBUG 8033 --- [trymily-api] [           main] horizationManagerBeforeMethodInterceptor : Authorizing method invocation ReflectiveMethodInvocation: public com.trymily.api.modules.services.Service com.trymily.api.modules.services.ServiceController.create(com.trymily.api.modules.services.Service); target is of class [com.trymily.api.modules.services.ServiceController]
2026-02-25T20:55:09.150-03:00 DEBUG 8033 --- [trymily-api] [           main] horizationManagerBeforeMethodInterceptor : Authorized method invocation ReflectiveMethodInvocation: public com.trymily.api.modules.services.Service com.trymily.api.modules.services.ServiceController.create(com.trymily.api.modules.services.Service); target is of class [com.trymily.api.modules.services.ServiceController]
Hibernate: 
    insert 
    into
        services
        (created_at, created_by, description, duration_minutes, last_modified_by, name, price, status, tenant_id, updated_at, version, id) 
    values
        (?, ?, ?, ?, ?, ?, ?, ?, ?, ?, ?, ?)
2026-02-25T20:55:09.161-03:00 DEBUG 8033 --- [trymily-api] [           main] c.t.api.core.tenant.TenantContextHolder  : Clearing tenant ID
]]></system-out>
  </testcase>
  <testcase name="shouldUpdateService" classname="com.trymily.api.modules.services.ServiceControllerTest" time="0.021">
    <system-out><![CDATA[2026-02-25T20:55:09.175-03:00 DEBUG 8033 --- [trymily-api] [           main] c.t.api.core.tenant.TenantContextHolder  : Clearing tenant ID
Hibernate: 
    select
        s1_0.id,
        s1_0.created_at,
        s1_0.created_by,
        s1_0.description,
        s1_0.duration_minutes,
        s1_0.last_modified_by,
        s1_0.name,
        s1_0.price,
        s1_0.status,
        s1_0.tenant_id,
        s1_0.updated_at,
        s1_0.version 
    from
        services s1_0
Hibernate: 
    delete 
    from
        services 
    where
        id=? 
        and version=?
Hibernate: 
    select
        t1_0.id,
        t1_0.address,
        t1_0.created_at,
        t1_0.logo_url,
        t1_0.name,
        t1_0.phone,
        t1_0.settings,
        t1_0.status,
        t1_0.updated_at 
    from
        tenants t1_0
Hibernate: 
    delete 
    from
        tenants 
    where
        id=?
Hibernate: 
    insert 
    into
        tenants
        (address, created_at, logo_url, name, phone, settings, status, updated_at, id) 
    values
        (?, ?, ?, ?, ?, ?, ?, ?, ?)
2026-02-25T20:55:09.180-03:00 DEBUG 8033 --- [trymily-api] [           main] c.t.api.core.tenant.TenantContextHolder  : Setting tenant ID: 31818c1c-82c9-41d4-be71-7c5bd9caa3ab
Hibernate: 
    insert 
    into
        services
        (created_at, created_by, description, duration_minutes, last_modified_by, name, price, status, tenant_id, updated_at, version, id) 
    values
        (?, ?, ?, ?, ?, ?, ?, ?, ?, ?, ?, ?)
2026-02-25T20:55:09.182-03:00 DEBUG 8033 --- [trymily-api] [           main] o.s.security.web.FilterChainProxy        : Securing PUT /api/v1/services/eb9bc843-cd71-4025-8dce-f5e35bf32b45
2026-02-25T20:55:09.183-03:00 DEBUG 8033 --- [trymily-api] [           main] o.s.security.web.FilterChainProxy        : Secured PUT /api/v1/services/eb9bc843-cd71-4025-8dce-f5e35bf32b45
2026-02-25T20:55:09.183-03:00 DEBUG 8033 --- [trymily-api] [           main] c.t.api.core.tenant.TenantContextHolder  : Setting tenant ID: 31818c1c-82c9-41d4-be71-7c5bd9caa3ab
2026-02-25T20:55:09.184-03:00 DEBUG 8033 --- [trymily-api] [           main] horizationManagerBeforeMethodInterceptor : Authorizing method invocation ReflectiveMethodInvocation: public com.trymily.api.modules.services.Service com.trymily.api.modules.services.ServiceController.update(java.util.UUID,com.trymily.api.modules.services.Service); target is of class [com.trymily.api.modules.services.ServiceController]
2026-02-25T20:55:09.184-03:00 DEBUG 8033 --- [trymily-api] [           main] horizationManagerBeforeMethodInterceptor : Authorized method invocation ReflectiveMethodInvocation: public com.trymily.api.modules.services.Service com.trymily.api.modules.services.ServiceController.update(java.util.UUID,com.trymily.api.modules.services.Service); target is of class [com.trymily.api.modules.services.ServiceController]
Hibernate: 
    select
        s1_0.id,
        s1_0.created_at,
        s1_0.created_by,
        s1_0.description,
        s1_0.duration_minutes,
        s1_0.last_modified_by,
        s1_0.name,
        s1_0.price,
        s1_0.status,
        s1_0.tenant_id,
        s1_0.updated_at,
        s1_0.version 
    from
        services s1_0 
    where
        s1_0.id=?
Hibernate: 
    update
        services 
    set
        created_by=?,
        description=?,
        duration_minutes=?,
        last_modified_by=?,
        name=?,
        price=?,
        status=?,
        updated_at=?,
        version=? 
    where
        id=? 
        and version=?
2026-02-25T20:55:09.193-03:00 DEBUG 8033 --- [trymily-api] [           main] c.t.api.core.tenant.TenantContextHolder  : Clearing tenant ID
]]></system-out>
  </testcase>
  <testcase name="shouldGetAllServices" classname="com.trymily.api.modules.services.ServiceControllerTest" time="0.016">
    <system-out><![CDATA[2026-02-25T20:55:09.197-03:00 DEBUG 8033 --- [trymily-api] [           main] c.t.api.core.tenant.TenantContextHolder  : Clearing tenant ID
Hibernate: 
    select
        s1_0.id,
        s1_0.created_at,
        s1_0.created_by,
        s1_0.description,
        s1_0.duration_minutes,
        s1_0.last_modified_by,
        s1_0.name,
        s1_0.price,
        s1_0.status,
        s1_0.tenant_id,
        s1_0.updated_at,
        s1_0.version 
    from
        services s1_0
Hibernate: 
    delete 
    from
        services 
    where
        id=? 
        and version=?
Hibernate: 
    select
        t1_0.id,
        t1_0.address,
        t1_0.created_at,
        t1_0.logo_url,
        t1_0.name,
        t1_0.phone,
        t1_0.settings,
        t1_0.status,
        t1_0.updated_at 
    from
        tenants t1_0
Hibernate: 
    delete 
    from
        tenants 
    where
        id=?
Hibernate: 
    insert 
    into
        tenants
        (address, created_at, logo_url, name, phone, settings, status, updated_at, id) 
    values
        (?, ?, ?, ?, ?, ?, ?, ?, ?)
2026-02-25T20:55:09.203-03:00 DEBUG 8033 --- [trymily-api] [           main] c.t.api.core.tenant.TenantContextHolder  : Setting tenant ID: bcca3b1a-12c3-4fff-9a0e-d6f5be43c97e
Hibernate: 
    insert 
    into
        services
        (created_at, created_by, description, duration_minutes, last_modified_by, name, price, status, tenant_id, updated_at, version, id) 
    values
        (?, ?, ?, ?, ?, ?, ?, ?, ?, ?, ?, ?)
2026-02-25T20:55:09.205-03:00 DEBUG 8033 --- [trymily-api] [           main] o.s.security.web.FilterChainProxy        : Securing GET /api/v1/services
2026-02-25T20:55:09.205-03:00 DEBUG 8033 --- [trymily-api] [           main] o.s.security.web.FilterChainProxy        : Secured GET /api/v1/services
2026-02-25T20:55:09.205-03:00 DEBUG 8033 --- [trymily-api] [           main] c.t.api.core.tenant.TenantContextHolder  : Setting tenant ID: bcca3b1a-12c3-4fff-9a0e-d6f5be43c97e
Hibernate: 
    select
        s1_0.id,
        s1_0.created_at,
        s1_0.created_by,
        s1_0.description,
        s1_0.duration_minutes,
        s1_0.last_modified_by,
        s1_0.name,
        s1_0.price,
        s1_0.status,
        s1_0.tenant_id,
        s1_0.updated_at,
        s1_0.version 
    from
        services s1_0
2026-02-25T20:55:09.210-03:00 DEBUG 8033 --- [trymily-api] [           main] c.t.api.core.tenant.TenantContextHolder  : Clearing tenant ID
]]></system-out>
  </testcase>
  <testcase name="shouldDeleteService" classname="com.trymily.api.modules.services.ServiceControllerTest" time="0.014">
    <system-out><![CDATA[2026-02-25T20:55:09.213-03:00 DEBUG 8033 --- [trymily-api] [           main] c.t.api.core.tenant.TenantContextHolder  : Clearing tenant ID
Hibernate: 
    select
        s1_0.id,
        s1_0.created_at,
        s1_0.created_by,
        s1_0.description,
        s1_0.duration_minutes,
        s1_0.last_modified_by,
        s1_0.name,
        s1_0.price,
        s1_0.status,
        s1_0.tenant_id,
        s1_0.updated_at,
        s1_0.version 
    from
        services s1_0
Hibernate: 
    delete 
    from
        services 
    where
        id=? 
        and version=?
Hibernate: 
    select
        t1_0.id,
        t1_0.address,
        t1_0.created_at,
        t1_0.logo_url,
        t1_0.name,
        t1_0.phone,
        t1_0.settings,
        t1_0.status,
        t1_0.updated_at 
    from
        tenants t1_0
Hibernate: 
    delete 
    from
        tenants 
    where
        id=?
Hibernate: 
    insert 
    into
        tenants
        (address, created_at, logo_url, name, phone, settings, status, updated_at, id) 
    values
        (?, ?, ?, ?, ?, ?, ?, ?, ?)
2026-02-25T20:55:09.218-03:00 DEBUG 8033 --- [trymily-api] [           main] c.t.api.core.tenant.TenantContextHolder  : Setting tenant ID: d6db45d7-797f-4746-a758-e9c75c8ddb2c
Hibernate: 
    insert 
    into
        services
        (created_at, created_by, description, duration_minutes, last_modified_by, name, price, status, tenant_id, updated_at, version, id) 
    values
        (?, ?, ?, ?, ?, ?, ?, ?, ?, ?, ?, ?)
2026-02-25T20:55:09.220-03:00 DEBUG 8033 --- [trymily-api] [           main] o.s.security.web.FilterChainProxy        : Securing DELETE /api/v1/services/d21ffece-351d-48fa-9d79-882edc8e3a39
2026-02-25T20:55:09.220-03:00 DEBUG 8033 --- [trymily-api] [           main] o.s.security.web.FilterChainProxy        : Secured DELETE /api/v1/services/d21ffece-351d-48fa-9d79-882edc8e3a39
2026-02-25T20:55:09.220-03:00 DEBUG 8033 --- [trymily-api] [           main] c.t.api.core.tenant.TenantContextHolder  : Setting tenant ID: d6db45d7-797f-4746-a758-e9c75c8ddb2c
2026-02-25T20:55:09.220-03:00 DEBUG 8033 --- [trymily-api] [           main] horizationManagerBeforeMethodInterceptor : Authorizing method invocation ReflectiveMethodInvocation: public void com.trymily.api.modules.services.ServiceController.delete(java.util.UUID); target is of class [com.trymily.api.modules.services.ServiceController]
2026-02-25T20:55:09.221-03:00 DEBUG 8033 --- [trymily-api] [           main] horizationManagerBeforeMethodInterceptor : Authorized method invocation ReflectiveMethodInvocation: public void com.trymily.api.modules.services.ServiceController.delete(java.util.UUID); target is of class [com.trymily.api.modules.services.ServiceController]
Hibernate: 
    select
        s1_0.id,
        s1_0.created_at,
        s1_0.created_by,
        s1_0.description,
        s1_0.duration_minutes,
        s1_0.last_modified_by,
        s1_0.name,
        s1_0.price,
        s1_0.status,
        s1_0.tenant_id,
        s1_0.updated_at,
        s1_0.version 
    from
        services s1_0 
    where
        s1_0.id=?
Hibernate: 
    delete 
    from
        services 
    where
        id=? 
        and version=?
2026-02-25T20:55:09.222-03:00 DEBUG 8033 --- [trymily-api] [           main] c.t.api.core.tenant.TenantContextHolder  : Clearing tenant ID
2026-02-25T20:55:09.223-03:00 DEBUG 8033 --- [trymily-api] [           main] o.s.security.web.FilterChainProxy        : Securing GET /api/v1/services/d21ffece-351d-48fa-9d79-882edc8e3a39
2026-02-25T20:55:09.223-03:00 DEBUG 8033 --- [trymily-api] [           main] o.s.security.web.FilterChainProxy        : Secured GET /api/v1/services/d21ffece-351d-48fa-9d79-882edc8e3a39
2026-02-25T20:55:09.223-03:00 DEBUG 8033 --- [trymily-api] [           main] c.t.api.core.tenant.TenantContextHolder  : Setting tenant ID: d6db45d7-797f-4746-a758-e9c75c8ddb2c
Hibernate: 
    select
        s1_0.id,
        s1_0.created_at,
        s1_0.created_by,
        s1_0.description,
        s1_0.duration_minutes,
        s1_0.last_modified_by,
        s1_0.name,
        s1_0.price,
        s1_0.status,
        s1_0.tenant_id,
        s1_0.updated_at,
        s1_0.version 
    from
        services s1_0 
    where
        s1_0.id=?
2026-02-25T20:55:09.225-03:00 DEBUG 8033 --- [trymily-api] [           main] c.t.api.core.tenant.TenantContextHolder  : Clearing tenant ID
]]></system-out>
  </testcase>
</testsuite>