<?xml version="1.0" encoding="UTF-8"?>
<testsuite xmlns:xsi="http://www.w3.org/2001/XMLSchema-instance" xsi:noNamespaceSchemaLocation="https://maven.apache.org/surefire/maven-surefire-plugin/xsd/surefire-test-report.xsd" version="3.0.2" name="com.trymily.api.modules.auth.LocalAuthIntegrationTest" time="1.23" tests="2" errors="1" skipped="0" failures="0">
  <properties>
[...]
</properties>
  <testcase name="shouldRegisterAndLoginSuccessfully" classname="com.trymily.api.modules.auth.LocalAuthIntegrationTest" time="0.252">
    <system-out><![CDATA[2026-02-23T22:56:01.039-03:00  INFO 46465 --- [trymily-api] [           main] t.c.s.AnnotationConfigContextLoaderUtils : Could not detect default configuration classes for test class [com.trymily.api.modules.auth.LocalAuthIntegrationTest]: LocalAuthIntegrationTest does not declare any static, non-private, non-final, nested classes annotated with @Configuration.
2026-02-23T22:56:01.047-03:00  INFO 46465 --- [trymily-api] [           main] .b.t.c.SpringBootTestContextBootstrapper : Found @SpringBootConfiguration com.trymily.api.TrymilyApiApplication for test class com.trymily.api.modules.auth.LocalAuthIntegrationTest

  .   ____          _            __ _ _
 /\\ / ___'_ __ _ _(_)_ __  __ _ \ \ \ \
( ( )\___ | '_ | '_| | '_ \/ _` | \ \ \ \
 \\/  ___)| |_)| | | | | || (_| |  ) ) ) )
  '  |____| .__|_| |_|_| |_\__, | / / / /
 =========|_|==============|___/=/_/_/_/

 :: Spring Boot ::                (v3.4.3)

2026-02-23T22:56:01.073-03:00  INFO 46465 --- [trymily-api] [           main] c.t.a.m.auth.LocalAuthIntegrationTest    : Starting LocalAuthIntegrationTest using Java 21.0.10 with PID 46465 (started by mero in /home/mero/ws/trymily/trymily-api)
2026-02-23T22:56:01.073-03:00 DEBUG 46465 --- [trymily-api] [           main] c.t.a.m.auth.LocalAuthIntegrationTest    : Running with Spring Boot v3.4.3, Spring v6.2.3
2026-02-23T22:56:01.073-03:00  INFO 46465 --- [trymily-api] [           main] c.t.a.m.auth.LocalAuthIntegrationTest    : The following 1 profile is active: "test"
2026-02-23T22:56:01.235-03:00  INFO 46465 --- [trymily-api] [           main] .s.d.r.c.RepositoryConfigurationDelegate : Bootstrapping Spring Data JPA repositories in DEFAULT mode.
2026-02-23T22:56:01.242-03:00  INFO 46465 --- [trymily-api] [           main] .s.d.r.c.RepositoryConfigurationDelegate : Finished Spring Data repository scanning in 6 ms. Found 3 JPA repository interfaces.
2026-02-23T22:56:01.382-03:00  INFO 46465 --- [trymily-api] [           main] o.hibernate.jpa.internal.util.LogHelper  : HHH000204: Processing PersistenceUnitInfo [name: default]
2026-02-23T22:56:01.385-03:00  INFO 46465 --- [trymily-api] [           main] o.h.c.internal.RegionFactoryInitiator    : HHH000026: Second-level cache disabled
2026-02-23T22:56:01.387-03:00  INFO 46465 --- [trymily-api] [           main] o.h.e.boot.internal.EnversServiceImpl    : Envers integration enabled? : false
2026-02-23T22:56:01.387-03:00  INFO 46465 --- [trymily-api] [           main] com.zaxxer.hikari.HikariDataSource       : HikariPool-1 - Starting...
2026-02-23T22:56:01.394-03:00  INFO 46465 --- [trymily-api] [           main] com.zaxxer.hikari.pool.HikariPool        : HikariPool-1 - Added connection conn6: url=jdbc:h2:mem:trymily user=SA
2026-02-23T22:56:01.395-03:00  INFO 46465 --- [trymily-api] [           main] com.zaxxer.hikari.HikariDataSource       : HikariPool-1 - Start completed.
2026-02-23T22:56:01.398-03:00  WARN 46465 --- [trymily-api] [           main] org.hibernate.orm.deprecation            : HHH90000025: H2Dialect does not need to be specified explicitly using 'hibernate.dialect' (remove the property setting and it will be selected by default)
2026-02-23T22:56:01.400-03:00  INFO 46465 --- [trymily-api] [           main] org.hibernate.orm.connections.pooling    : HHH10001005: Database info:
	Database JDBC URL [Connecting through datasource 'com.trymily.api.core.config.datasource.TenantAwareDataSource@3bd552f7']
	Database driver: undefined/unknown
	Database version: 2.3.232
	Autocommit mode: undefined/unknown
	Isolation level: undefined/unknown
	Minimum pool size: undefined/unknown
	Maximum pool size: undefined/unknown
2026-02-23T22:56:01.404-03:00  INFO 46465 --- [trymily-api] [           main] o.s.o.j.p.SpringPersistenceUnitInfo      : No LoadTimeWeaver setup: ignoring JPA class transformer
2026-02-23T22:56:01.472-03:00  INFO 46465 --- [trymily-api] [           main] o.h.e.t.j.p.i.JtaPlatformInitiator       : HHH000489: No JTA platform available (set 'hibernate.transaction.jta.platform' to enable JTA platform integration)
Hibernate: 
    drop table if exists appointments cascade 
Hibernate: 
    drop table if exists tenants cascade 
Hibernate: 
    drop table if exists users cascade 
Hibernate: 
    create table appointments (
        created_at timestamp(6) with time zone,
        end_time timestamp(6) with time zone not null,
        start_time timestamp(6) with time zone not null,
        updated_at timestamp(6) with time zone,
        id uuid not null,
        tenant_id uuid not null,
        customer_name varchar(255) not null,
        status varchar(255) not null,
        primary key (id)
    )
Hibernate: 
    create table tenants (
        created_at timestamp(6) with time zone,
        updated_at timestamp(6) with time zone,
        id uuid not null,
        phone varchar(20),
        address text,
        logo_url text,
        name varchar(255) not null,
        status varchar(255) not null,
        settings jsonb,
        primary key (id)
    )
Hibernate: 
    create table users (
        created_at timestamp(6) with time zone,
        updated_at timestamp(6) with time zone,
        id uuid not null,
        tenant_id uuid,
        email varchar(255) not null unique,
        full_name varchar(255),
        password varchar(255),
        picture_url varchar(255),
        provider varchar(255) not null,
        provider_id varchar(255) unique,
        role varchar(255) not null,
        primary key (id)
    )
Hibernate: 
    alter table if exists appointments 
       add constraint FKrx65i1v7m43ynclnw2sqn1sj 
       foreign key (tenant_id) 
       references tenants
Hibernate: 
    alter table if exists users 
       add constraint FK21hn1a5ja1tve7ae02fnn4cld 
       foreign key (tenant_id) 
       references tenants
2026-02-23T22:56:01.480-03:00  INFO 46465 --- [trymily-api] [           main] j.LocalContainerEntityManagerFactoryBean : Initialized JPA EntityManagerFactory for persistence unit 'default'
2026-02-23T22:56:01.565-03:00  WARN 46465 --- [trymily-api] [           main] JpaBaseConfiguration$JpaWebConfiguration : spring.jpa.open-in-view is enabled by default. Therefore, database queries may be performed during view rendering. Explicitly configure spring.jpa.open-in-view to disable this warning
2026-02-23T22:56:01.574-03:00 DEBUG 46465 --- [trymily-api] [           main] swordEncoderAuthenticationManagerBuilder : No authenticationProviders and no parentAuthenticationManager defined. Returning null.
2026-02-23T22:56:01.741-03:00 DEBUG 46465 --- [trymily-api] [           main] o.s.s.web.DefaultSecurityFilterChain     : Will secure any request with filters: DisableEncodeUrlFilter, WebAsyncManagerIntegrationFilter, SecurityContextHolderFilter, HeaderWriterFilter, LogoutFilter, BearerTokenAuthenticationFilter, RequestCacheAwareFilter, SecurityContextHolderAwareRequestFilter, AnonymousAuthenticationFilter, SessionManagementFilter, ExceptionTranslationFilter, AuthorizationFilter
2026-02-23T22:56:01.890-03:00 DEBUG 46465 --- [trymily-api] [           main] c.trymily.api.core.tenant.TenantFilter   : Filter 'tenantFilter' configured for use
2026-02-23T22:56:01.891-03:00  INFO 46465 --- [trymily-api] [           main] o.s.b.t.m.w.SpringBootMockServletContext : Initializing Spring TestDispatcherServlet ''
2026-02-23T22:56:01.891-03:00  INFO 46465 --- [trymily-api] [           main] o.s.t.web.servlet.TestDispatcherServlet  : Initializing Servlet ''
2026-02-23T22:56:01.891-03:00  INFO 46465 --- [trymily-api] [           main] o.s.t.web.servlet.TestDispatcherServlet  : Completed initialization in 0 ms
2026-02-23T22:56:01.899-03:00  INFO 46465 --- [trymily-api] [           main] c.t.a.m.auth.LocalAuthIntegrationTest    : Started LocalAuthIntegrationTest in 0.847 seconds (process running for 3.399)
Hibernate: 
    select
        u1_0.id,
        u1_0.created_at,
        u1_0.email,
        u1_0.full_name,
        u1_0.password,
        u1_0.picture_url,
        u1_0.provider,
        u1_0.provider_id,
        u1_0.role,
        u1_0.tenant_id,
        u1_0.updated_at 
    from
        users u1_0
2026-02-23T22:56:01.942-03:00 DEBUG 46465 --- [trymily-api] [           main] o.s.security.web.FilterChainProxy        : Securing POST /api/v1/auth/register
2026-02-23T22:56:01.946-03:00 DEBUG 46465 --- [trymily-api] [           main] o.s.s.w.a.AnonymousAuthenticationFilter  : Set SecurityContextHolder to anonymous SecurityContext
2026-02-23T22:56:01.946-03:00 DEBUG 46465 --- [trymily-api] [           main] o.s.security.web.FilterChainProxy        : Secured POST /api/v1/auth/register
Hibernate: 
    select
        u1_0.id,
        u1_0.created_at,
        u1_0.email,
        u1_0.full_name,
        u1_0.password,
        u1_0.picture_url,
        u1_0.provider,
        u1_0.provider_id,
        u1_0.role,
        u1_0.tenant_id,
        u1_0.updated_at 
    from
        users u1_0 
    where
        u1_0.email=?
Hibernate: 
    insert 
    into
        users
        (created_at, email, full_name, password, picture_url, provider, provider_id, role, tenant_id, updated_at, id) 
    values
        (?, ?, ?, ?, ?, ?, ?, ?, ?, ?, ?)
2026-02-23T22:56:02.079-03:00 DEBUG 46465 --- [trymily-api] [           main] c.t.api.core.tenant.TenantContextHolder  : Clearing tenant ID
2026-02-23T22:56:02.097-03:00 DEBUG 46465 --- [trymily-api] [           main] o.s.security.web.FilterChainProxy        : Securing POST /api/v1/auth/login
2026-02-23T22:56:02.097-03:00 DEBUG 46465 --- [trymily-api] [           main] o.s.s.w.a.AnonymousAuthenticationFilter  : Set SecurityContextHolder to anonymous SecurityContext
2026-02-23T22:56:02.097-03:00 DEBUG 46465 --- [trymily-api] [           main] o.s.security.web.FilterChainProxy        : Secured POST /api/v1/auth/login
Hibernate: 
    select
        u1_0.id,
        u1_0.created_at,
        u1_0.email,
        u1_0.full_name,
        u1_0.password,
        u1_0.picture_url,
        u1_0.provider,
        u1_0.provider_id,
        u1_0.role,
        u1_0.tenant_id,
        u1_0.updated_at 
    from
        users u1_0 
    where
        u1_0.email=?
2026-02-23T22:56:02.153-03:00 DEBUG 46465 --- [trymily-api] [           main] c.t.api.core.tenant.TenantContextHolder  : Clearing tenant ID
]]></system-out>
  </testcase>
  <testcase name="shouldFailLoginWithWrongPassword" classname="com.trymily.api.modules.auth.LocalAuthIntegrationTest" time="0.109">
    <error message="Request processing failed: java.lang.RuntimeException: Invalid credentials" type="jakarta.servlet.ServletException"><![CDATA[jakarta.servlet.ServletException: Request processing failed: java.lang.RuntimeException: Invalid credentials
	at org.springframework.web.servlet.FrameworkServlet.processRequest(FrameworkServlet.java:1022)
	at org.springframework.web.servlet.FrameworkServlet.doPost(FrameworkServlet.java:914)
	at jakarta.servlet.http.HttpServlet.service(HttpServlet.java:590)
	at org.springframework.web.servlet.FrameworkServlet.service(FrameworkServlet.java:885)
	at org.springframework.test.web.servlet.TestDispatcherServlet.service(TestDispatcherServlet.java:72)
	at jakarta.servlet.http.HttpServlet.service(HttpServlet.java:658)
	at org.springframework.mock.web.MockFilterChain$ServletFilterProxy.doFilter(MockFilterChain.java:165)
	at org.springframework.mock.web.MockFilterChain.doFilter(MockFilterChain.java:132)
	at com.trymily.api.core.tenant.TenantFilter.doFilterInternal(TenantFilter.java:46)
	at org.springframework.web.filter.OncePerRequestFilter.doFilter(OncePerRequestFilter.java:116)
	at org.springframework.test.web.servlet.setup.MockMvcFilterDecorator.doFilter(MockMvcFilterDecorator.java:162)
	at org.springframework.mock.web.MockFilterChain.doFilter(MockFilterChain.java:132)
	at org.springframework.web.filter.CompositeFilter$VirtualFilterChain.doFilter(CompositeFilter.java:108)
	at org.springframework.security.web.FilterChainProxy.lambda$doFilterInternal$3(FilterChainProxy.java:231)
	at org.springframework.security.web.FilterChainProxy$VirtualFilterChain.doFilter(FilterChainProxy.java:365)
	at org.springframework.security.web.access.intercept.AuthorizationFilter.doFilter(AuthorizationFilter.java:101)
	at org.springframework.security.web.FilterChainProxy$VirtualFilterChain.doFilter(FilterChainProxy.java:374)
	at org.springframework.security.web.access.ExceptionTranslationFilter.doFilter(ExceptionTranslationFilter.java:126)
	at org.springframework.security.web.access.ExceptionTranslationFilter.doFilter(ExceptionTranslationFilter.java:120)
	at org.springframework.security.web.FilterChainProxy$VirtualFilterChain.doFilter(FilterChainProxy.java:374)
	at org.springframework.security.web.session.SessionManagementFilter.doFilter(SessionManagementFilter.java:131)
	at org.springframework.security.web.session.SessionManagementFilter.doFilter(SessionManagementFilter.java:85)
	at org.springframework.security.web.FilterChainProxy$VirtualFilterChain.doFilter(FilterChainProxy.java:374)
	at org.springframework.security.web.authentication.AnonymousAuthenticationFilter.doFilter(AnonymousAuthenticationFilter.java:100)
	at org.springframework.security.web.FilterChainProxy$VirtualFilterChain.doFilter(FilterChainProxy.java:374)
	at org.springframework.security.web.servletapi.SecurityContextHolderAwareRequestFilter.doFilter(SecurityContextHolderAwareRequestFilter.java:179)
	at org.springframework.security.web.FilterChainProxy$VirtualFilterChain.doFilter(FilterChainProxy.java:374)
	at org.springframework.security.web.savedrequest.RequestCacheAwareFilter.doFilter(RequestCacheAwareFilter.java:63)
	at org.springframework.security.web.FilterChainProxy$VirtualFilterChain.doFilter(FilterChainProxy.java:374)
	at org.springframework.security.oauth2.server.resource.web.authentication.BearerTokenAuthenticationFilter.doFilterInternal(BearerTokenAuthenticationFilter.java:128)
	at org.springframework.web.filter.OncePerRequestFilter.doFilter(OncePerRequestFilter.java:116)
	at org.springframework.security.web.FilterChainProxy$VirtualFilterChain.doFilter(FilterChainProxy.java:374)
	at org.springframework.security.web.authentication.logout.LogoutFilter.doFilter(LogoutFilter.java:107)
	at org.springframework.security.web.authentication.logout.LogoutFilter.doFilter(LogoutFilter.java:93)
	at org.springframework.security.web.FilterChainProxy$VirtualFilterChain.doFilter(FilterChainProxy.java:374)
	at org.springframework.security.web.header.HeaderWriterFilter.doHeadersAfter(HeaderWriterFilter.java:90)
	at org.springframework.security.web.header.HeaderWriterFilter.doFilterInternal(HeaderWriterFilter.java:75)
	at org.springframework.web.filter.OncePerRequestFilter.doFilter(OncePerRequestFilter.java:116)
	at org.springframework.security.web.FilterChainProxy$VirtualFilterChain.doFilter(FilterChainProxy.java:374)
	at org.springframework.security.web.context.SecurityContextHolderFilter.doFilter(SecurityContextHolderFilter.java:82)
	at org.springframework.security.web.context.SecurityContextHolderFilter.doFilter(SecurityContextHolderFilter.java:69)
	at org.springframework.security.web.FilterChainProxy$VirtualFilterChain.doFilter(FilterChainProxy.java:374)
	at org.springframework.security.web.context.request.async.WebAsyncManagerIntegrationFilter.doFilterInternal(WebAsyncManagerIntegrationFilter.java:62)
	at org.springframework.web.filter.OncePerRequestFilter.doFilter(OncePerRequestFilter.java:116)
	at org.springframework.security.web.FilterChainProxy$VirtualFilterChain.doFilter(FilterChainProxy.java:374)
	at org.springframework.security.web.session.DisableEncodeUrlFilter.doFilterInternal(DisableEncodeUrlFilter.java:42)
	at org.springframework.web.filter.OncePerRequestFilter.doFilter(OncePerRequestFilter.java:116)
	at org.springframework.security.web.FilterChainProxy$VirtualFilterChain.doFilter(FilterChainProxy.java:374)
	at org.springframework.security.web.FilterChainProxy.doFilterInternal(FilterChainProxy.java:233)
	at org.springframework.security.web.FilterChainProxy.doFilter(FilterChainProxy.java:191)
	at org.springframework.web.filter.CompositeFilter$VirtualFilterChain.doFilter(CompositeFilter.java:113)
	at org.springframework.web.servlet.handler.HandlerMappingIntrospector.lambda$createCacheFilter$3(HandlerMappingIntrospector.java:243)
	at org.springframework.web.filter.CompositeFilter$VirtualFilterChain.doFilter(CompositeFilter.java:113)
	at org.springframework.web.filter.CompositeFilter.doFilter(CompositeFilter.java:74)
	at org.springframework.security.config.annotation.web.configuration.WebMvcSecurityConfiguration$CompositeFilterChainProxy.doFilter(WebMvcSecurityConfiguration.java:238)
	at org.springframework.web.filter.DelegatingFilterProxy.invokeDelegate(DelegatingFilterProxy.java:362)
	at org.springframework.web.filter.DelegatingFilterProxy.doFilter(DelegatingFilterProxy.java:278)
	at org.springframework.test.web.servlet.setup.MockMvcFilterDecorator.doFilter(MockMvcFilterDecorator.java:162)
	at org.springframework.mock.web.MockFilterChain.doFilter(MockFilterChain.java:132)
	at org.springframework.web.filter.RequestContextFilter.doFilterInternal(RequestContextFilter.java:100)
	at org.springframework.web.filter.OncePerRequestFilter.doFilter(OncePerRequestFilter.java:116)
	at org.springframework.test.web.servlet.setup.MockMvcFilterDecorator.doFilter(MockMvcFilterDecorator.java:162)
	at org.springframework.mock.web.MockFilterChain.doFilter(MockFilterChain.java:132)
	at org.springframework.web.filter.FormContentFilter.doFilterInternal(FormContentFilter.java:93)
	at org.springframework.web.filter.OncePerRequestFilter.doFilter(OncePerRequestFilter.java:116)
	at org.springframework.test.web.servlet.setup.MockMvcFilterDecorator.doFilter(MockMvcFilterDecorator.java:162)
	at org.springframework.mock.web.MockFilterChain.doFilter(MockFilterChain.java:132)
	at org.springframework.web.filter.CharacterEncodingFilter.doFilterInternal(CharacterEncodingFilter.java:201)
	at org.springframework.web.filter.OncePerRequestFilter.doFilter(OncePerRequestFilter.java:116)
	at org.springframework.test.web.servlet.setup.MockMvcFilterDecorator.doFilter(MockMvcFilterDecorator.java:162)
	at org.springframework.mock.web.MockFilterChain.doFilter(MockFilterChain.java:132)
	at org.springframework.test.web.servlet.MockMvc.perform(MockMvc.java:201)
	at com.trymily.api.modules.auth.LocalAuthIntegrationTest.shouldFailLoginWithWrongPassword(LocalAuthIntegrationTest.java:81)
	at java.base/java.lang.reflect.Method.invoke(Method.java:580)
	at java.base/java.util.ArrayList.forEach(ArrayList.java:1596)
	at java.base/java.util.ArrayList.forEach(ArrayList.java:1596)
Caused by: java.lang.RuntimeException: Invalid credentials
	at com.trymily.api.modules.auth.AuthController.login(AuthController.java:46)
	at java.base/jdk.internal.reflect.DirectMethodHandleAccessor.invoke(DirectMethodHandleAccessor.java:103)
	at java.base/java.lang.reflect.Method.invoke(Method.java:580)
	at org.springframework.web.method.support.InvocableHandlerMethod.doInvoke(InvocableHandlerMethod.java:257)
	at org.springframework.web.method.support.InvocableHandlerMethod.invokeForRequest(InvocableHandlerMethod.java:190)
	at org.springframework.web.servlet.mvc.method.annotation.ServletInvocableHandlerMethod.invokeAndHandle(ServletInvocableHandlerMethod.java:118)
	at org.springframework.web.servlet.mvc.method.annotation.RequestMappingHandlerAdapter.invokeHandlerMethod(RequestMappingHandlerAdapter.java:986)
	at org.springframework.web.servlet.mvc.method.annotation.RequestMappingHandlerAdapter.handleInternal(RequestMappingHandlerAdapter.java:891)
	at org.springframework.web.servlet.mvc.method.AbstractHandlerMethodAdapter.handle(AbstractHandlerMethodAdapter.java:87)
	at org.springframework.web.servlet.DispatcherServlet.doDispatch(DispatcherServlet.java:1088)
	at org.springframework.web.servlet.DispatcherServlet.doService(DispatcherServlet.java:978)
	at org.springframework.web.servlet.FrameworkServlet.processRequest(FrameworkServlet.java:1014)
	... 75 more
]]></error>
    <system-out><![CDATA[Hibernate: 
    select
        u1_0.id,
        u1_0.created_at,
        u1_0.email,
        u1_0.full_name,
        u1_0.password,
        u1_0.picture_url,
        u1_0.provider,
        u1_0.provider_id,
        u1_0.role,
        u1_0.tenant_id,
        u1_0.updated_at 
    from
        users u1_0
Hibernate: 
    delete 
    from
        users 
    where
        id=?
2026-02-23T22:56:02.164-03:00 DEBUG 46465 --- [trymily-api] [           main] o.s.security.web.FilterChainProxy        : Securing POST /api/v1/auth/register
2026-02-23T22:56:02.164-03:00 DEBUG 46465 --- [trymily-api] [           main] o.s.s.w.a.AnonymousAuthenticationFilter  : Set SecurityContextHolder to anonymous SecurityContext
2026-02-23T22:56:02.165-03:00 DEBUG 46465 --- [trymily-api] [           main] o.s.security.web.FilterChainProxy        : Secured POST /api/v1/auth/register
Hibernate: 
    select
        u1_0.id,
        u1_0.created_at,
        u1_0.email,
        u1_0.full_name,
        u1_0.password,
        u1_0.picture_url,
        u1_0.provider,
        u1_0.provider_id,
        u1_0.role,
        u1_0.tenant_id,
        u1_0.updated_at 
    from
        users u1_0 
    where
        u1_0.email=?
Hibernate: 
    insert 
    into
        users
        (created_at, email, full_name, password, picture_url, provider, provider_id, role, tenant_id, updated_at, id) 
    values
        (?, ?, ?, ?, ?, ?, ?, ?, ?, ?, ?)
2026-02-23T22:56:02.212-03:00 DEBUG 46465 --- [trymily-api] [           main] c.t.api.core.tenant.TenantContextHolder  : Clearing tenant ID
2026-02-23T22:56:02.213-03:00 DEBUG 46465 --- [trymily-api] [           main] o.s.security.web.FilterChainProxy        : Securing POST /api/v1/auth/login
2026-02-23T22:56:02.213-03:00 DEBUG 46465 --- [trymily-api] [           main] o.s.s.w.a.AnonymousAuthenticationFilter  : Set SecurityContextHolder to anonymous SecurityContext
2026-02-23T22:56:02.213-03:00 DEBUG 46465 --- [trymily-api] [           main] o.s.security.web.FilterChainProxy        : Secured POST /api/v1/auth/login
Hibernate: 
    select
        u1_0.id,
        u1_0.created_at,
        u1_0.email,
        u1_0.full_name,
        u1_0.password,
        u1_0.picture_url,
        u1_0.provider,
        u1_0.provider_id,
        u1_0.role,
        u1_0.tenant_id,
        u1_0.updated_at 
    from
        users u1_0 
    where
        u1_0.email=?
2026-02-23T22:56:02.261-03:00 DEBUG 46465 --- [trymily-api] [           main] c.t.api.core.tenant.TenantContextHolder  : Clearing tenant ID

MockHttpServletRequest:
      HTTP Method = POST
      Request URI = /api/v1/auth/register
       Parameters = {}
          Headers = [Content-Type:"application/json;charset=UTF-8", Content-Length:"73"]
             Body = {"email":"fail@test.com","password":"password123","fullName":"Fail User"}
    Session Attrs = {}

Handler:
             Type = com.trymily.api.modules.auth.AuthController
           Method = com.trymily.api.modules.auth.AuthController#register(RegisterRequest)

Async:
    Async started = false
     Async result = null

Resolved Exception:
             Type = null

ModelAndView:
        View name = null
             View = null
            Model = null

FlashMap:
       Attributes = null

MockHttpServletResponse:
           Status = 200
    Error message = null
          Headers = [Content-Type:"application/json", X-Content-Type-Options:"nosniff", X-XSS-Protection:"0", Cache-Control:"no-cache, no-store, max-age=0, must-revalidate", Pragma:"no-cache", Expires:"0", X-Frame-Options:"DENY"]
     Content type = application/json
             Body = {"accessToken":"eyJhbGciOiJIUzI1NiJ9.eyJpc3MiOiJ0cnltaWx5LWFwaSIsInN1YiI6ImJlNjUyZWFiLTA4ODAtNGZiNC05NGZiLWI3YmQ1YjRmYzAxNiIsInJvbGUiOiJST0xFX0NVU1RPTUVSIiwiZXhwIjoxNzcxOTg0NTYyLCJpYXQiOjE3NzE4OTgxNjIsImVtYWlsIjoiZmFpbEB0ZXN0LmNvbSJ9.oM3SHcnT48M0LTLGz2M-CejfvzvC_iW5cUI9pszacBs","email":"fail@test.com","fullName":"Fail User","role":"ROLE_CUSTOMER","tenantId":null}
    Forwarded URL = null
   Redirected URL = null
          Cookies = []
]]></system-out>
  </testcase>
</testsuite>