<?xml version="1.0" encoding="UTF-8"?>
<testsuite xmlns:xsi="http://www.w3.org/2001/XMLSchema-instance" xsi:noNamespaceSchemaLocation="https://maven.apache.org/surefire/maven-surefire-plugin/xsd/surefire-test-report.xsd" version="3.0.2" name="com.trymily.api.core.tenant.RlsIsolationTest" time="2.906" tests="3" errors="0" skipped="0" failures="3">
  <properties>
[...]
</properties>
  <testcase name="shouldOnlySeeTenantADataWhenContextIsSetToTenantA" classname="com.trymily.api.core.tenant.RlsIsolationTest" time="0.391">
    <failure message="&#10;Expected size: 1 but was: 2 in:&#10;[com.trymily.api.modules.appointments.Appointment@5765cd21,&#10;    com.trymily.api.modules.appointments.Appointment@608c03e3]" type="java.lang.AssertionError"><![CDATA[java.lang.AssertionError: 

Expected size: 1 but was: 2 in:
[com.trymily.api.modules.appointments.Appointment@5765cd21,
    com.trymily.api.modules.appointments.Appointment@608c03e3]
	at com.trymily.api.core.tenant.RlsIsolationTest.shouldOnlySeeTenantADataWhenContextIsSetToTenantA(RlsIsolationTest.java:75)
	at java.base/java.lang.reflect.Method.invoke(Method.java:580)
	at java.base/java.util.ArrayList.forEach(ArrayList.java:1596)
	at java.base/java.util.ArrayList.forEach(ArrayList.java:1596)
]]></failure>
    <system-out><![CDATA[20:51:36.307 [main] INFO org.springframework.test.context.support.AnnotationConfigContextLoaderUtils -- Could not detect default configuration classes for test class [com.trymily.api.core.tenant.RlsIsolationTest]: RlsIsolationTest does not declare any static, non-private, non-final, nested classes annotated with @Configuration.
20:51:36.404 [main] INFO org.springframework.boot.test.context.SpringBootTestContextBootstrapper -- Found @SpringBootConfiguration com.trymily.api.TrymilyApiApplication for test class com.trymily.api.core.tenant.RlsIsolationTest

  .   ____          _            __ _ _
 /\\ / ___'_ __ _ _(_)_ __  __ _ \ \ \ \
( ( )\___ | '_ | '_| | '_ \/ _` | \ \ \ \
 \\/  ___)| |_)| | | | | || (_| |  ) ) ) )
  '  |____| .__|_| |_|_| |_\__, | / / / /
 =========|_|==============|___/=/_/_/_/

 :: Spring Boot ::                (v3.4.3)

2026-02-25T20:51:36.642-03:00  INFO 6122 --- [trymily-api] [           main] c.t.api.core.tenant.RlsIsolationTest     : Starting RlsIsolationTest using Java 21.0.10 with PID 6122 (started by mero in /home/mero/ws/trymily/trymily-api)
2026-02-25T20:51:36.642-03:00 DEBUG 6122 --- [trymily-api] [           main] c.t.api.core.tenant.RlsIsolationTest     : Running with Spring Boot v3.4.3, Spring v6.2.3
2026-02-25T20:51:36.643-03:00  INFO 6122 --- [trymily-api] [           main] c.t.api.core.tenant.RlsIsolationTest     : The following 1 profile is active: "test"
2026-02-25T20:51:37.008-03:00  INFO 6122 --- [trymily-api] [           main] .s.d.r.c.RepositoryConfigurationDelegate : Bootstrapping Spring Data JPA repositories in DEFAULT mode.
2026-02-25T20:51:37.042-03:00  INFO 6122 --- [trymily-api] [           main] .s.d.r.c.RepositoryConfigurationDelegate : Finished Spring Data repository scanning in 29 ms. Found 4 JPA repository interfaces.
2026-02-25T20:51:37.315-03:00  INFO 6122 --- [trymily-api] [           main] o.hibernate.jpa.internal.util.LogHelper  : HHH000204: Processing PersistenceUnitInfo [name: default]
2026-02-25T20:51:37.354-03:00  INFO 6122 --- [trymily-api] [           main] org.hibernate.Version                    : HHH000412: Hibernate ORM core version 6.6.8.Final
2026-02-25T20:51:37.373-03:00  INFO 6122 --- [trymily-api] [           main] o.h.c.internal.RegionFactoryInitiator    : HHH000026: Second-level cache disabled
2026-02-25T20:51:37.427-03:00  INFO 6122 --- [trymily-api] [           main] o.h.e.boot.internal.EnversServiceImpl    : Envers integration enabled? : false
2026-02-25T20:51:37.440-03:00  INFO 6122 --- [trymily-api] [           main] com.zaxxer.hikari.HikariDataSource       : HikariPool-1 - Starting...
2026-02-25T20:51:37.527-03:00  INFO 6122 --- [trymily-api] [           main] com.zaxxer.hikari.pool.HikariPool        : HikariPool-1 - Added connection conn0: url=jdbc:h2:mem:trymily user=SA
2026-02-25T20:51:37.529-03:00  INFO 6122 --- [trymily-api] [           main] com.zaxxer.hikari.HikariDataSource       : HikariPool-1 - Start completed.
2026-02-25T20:51:37.540-03:00  WARN 6122 --- [trymily-api] [           main] org.hibernate.orm.deprecation            : HHH90000025: H2Dialect does not need to be specified explicitly using 'hibernate.dialect' (remove the property setting and it will be selected by default)
2026-02-25T20:51:37.549-03:00  INFO 6122 --- [trymily-api] [           main] org.hibernate.orm.connections.pooling    : HHH10001005: Database info:
	Database JDBC URL [Connecting through datasource 'com.trymily.api.core.config.datasource.TenantAwareDataSource@413d2cd1']
	Database driver: undefined/unknown
	Database version: 2.3.232
	Autocommit mode: undefined/unknown
	Isolation level: undefined/unknown
	Minimum pool size: undefined/unknown
	Maximum pool size: undefined/unknown
2026-02-25T20:51:37.630-03:00  INFO 6122 --- [trymily-api] [           main] o.s.o.j.p.SpringPersistenceUnitInfo      : No LoadTimeWeaver setup: ignoring JPA class transformer
2026-02-25T20:51:38.121-03:00  INFO 6122 --- [trymily-api] [           main] o.h.e.t.j.p.i.JtaPlatformInitiator       : HHH000489: No JTA platform available (set 'hibernate.transaction.jta.platform' to enable JTA platform integration)
Hibernate: 
    drop table if exists appointments cascade 
Hibernate: 
    drop table if exists services cascade 
Hibernate: 
    drop table if exists tenants cascade 
Hibernate: 
    drop table if exists users cascade 
Hibernate: 
    create table appointments (
        created_at timestamp(6) with time zone,
        end_time timestamp(6) with time zone not null,
        start_time timestamp(6) with time zone not null,
        updated_at timestamp(6) with time zone,
        id uuid not null,
        tenant_id uuid not null,
        customer_name varchar(255) not null,
        status varchar(255) not null,
        primary key (id)
    )
Hibernate: 
    create table services (
        duration_minutes integer not null,
        price numeric(12,2) not null,
        version integer,
        created_at timestamp(6) with time zone,
        updated_at timestamp(6) with time zone,
        id uuid not null,
        tenant_id uuid not null,
        created_by varchar(255),
        description varchar(255),
        last_modified_by varchar(255),
        name varchar(255) not null,
        status varchar(255) not null,
        primary key (id)
    )
Hibernate: 
    create table tenants (
        created_at timestamp(6) with time zone,
        updated_at timestamp(6) with time zone,
        id uuid not null,
        phone varchar(20),
        address text,
        logo_url text,
        name varchar(255) not null,
        status varchar(255) not null,
        settings jsonb,
        primary key (id)
    )
Hibernate: 
    create table users (
        created_at timestamp(6) with time zone,
        updated_at timestamp(6) with time zone,
        id uuid not null,
        tenant_id uuid,
        email varchar(255) not null unique,
        full_name varchar(255),
        password varchar(255),
        picture_url varchar(255),
        provider varchar(255) not null,
        provider_id varchar(255) unique,
        role varchar(255) not null,
        primary key (id)
    )
Hibernate: 
    alter table if exists appointments 
       add constraint FKrx65i1v7m43ynclnw2sqn1sj 
       foreign key (tenant_id) 
       references tenants
Hibernate: 
    alter table if exists users 
       add constraint FK21hn1a5ja1tve7ae02fnn4cld 
       foreign key (tenant_id) 
       references tenants
2026-02-25T20:51:38.150-03:00  INFO 6122 --- [trymily-api] [           main] j.LocalContainerEntityManagerFactoryBean : Initialized JPA EntityManagerFactory for persistence unit 'default'
2026-02-25T20:51:38.359-03:00  WARN 6122 --- [trymily-api] [           main] JpaBaseConfiguration$JpaWebConfiguration : spring.jpa.open-in-view is enabled by default. Therefore, database queries may be performed during view rendering. Explicitly configure spring.jpa.open-in-view to disable this warning
2026-02-25T20:51:38.369-03:00 DEBUG 6122 --- [trymily-api] [           main] swordEncoderAuthenticationManagerBuilder : No authenticationProviders and no parentAuthenticationManager defined. Returning null.
2026-02-25T20:51:38.537-03:00 DEBUG 6122 --- [trymily-api] [           main] o.s.s.web.DefaultSecurityFilterChain     : Will secure any request with filters: DisableEncodeUrlFilter, WebAsyncManagerIntegrationFilter, SecurityContextHolderFilter, HeaderWriterFilter, LogoutFilter, BearerTokenAuthenticationFilter, RequestCacheAwareFilter, SecurityContextHolderAwareRequestFilter, AnonymousAuthenticationFilter, SessionManagementFilter, ExceptionTranslationFilter, AuthorizationFilter
2026-02-25T20:51:38.700-03:00  INFO 6122 --- [trymily-api] [           main] c.t.api.core.tenant.RlsIsolationTest     : Started RlsIsolationTest in 2.23 seconds (process running for 2.802)
2026-02-25T20:51:38.982-03:00 DEBUG 6122 --- [trymily-api] [           main] c.t.api.core.tenant.TenantContextHolder  : Clearing tenant ID
Hibernate: 
    insert 
    into
        tenants
        (address, created_at, logo_url, name, phone, settings, status, updated_at, id) 
    values
        (?, ?, ?, ?, ?, ?, ?, ?, ?)
Hibernate: 
    insert 
    into
        tenants
        (address, created_at, logo_url, name, phone, settings, status, updated_at, id) 
    values
        (?, ?, ?, ?, ?, ?, ?, ?, ?)
2026-02-25T20:51:39.018-03:00 DEBUG 6122 --- [trymily-api] [           main] c.t.api.core.tenant.TenantContextHolder  : Setting tenant ID: 31a6c162-2b5d-4a27-af2f-933567c1a816
Hibernate: 
    insert 
    into
        appointments
        (created_at, customer_name, end_time, start_time, status, tenant_id, updated_at, id) 
    values
        (?, ?, ?, ?, ?, ?, ?, ?)
2026-02-25T20:51:39.020-03:00 DEBUG 6122 --- [trymily-api] [           main] c.t.api.core.tenant.TenantContextHolder  : Setting tenant ID: 3d2e28ee-5fcc-4531-9171-87d9c57e5f99
Hibernate: 
    insert 
    into
        appointments
        (created_at, customer_name, end_time, start_time, status, tenant_id, updated_at, id) 
    values
        (?, ?, ?, ?, ?, ?, ?, ?)
2026-02-25T20:51:39.021-03:00 DEBUG 6122 --- [trymily-api] [           main] c.t.api.core.tenant.TenantContextHolder  : Clearing tenant ID
2026-02-25T20:51:39.022-03:00 DEBUG 6122 --- [trymily-api] [           main] c.t.api.core.tenant.TenantContextHolder  : Setting tenant ID: 31a6c162-2b5d-4a27-af2f-933567c1a816
Hibernate: 
    select
        a1_0.id,
        a1_0.created_at,
        a1_0.customer_name,
        a1_0.end_time,
        a1_0.start_time,
        a1_0.status,
        a1_0.tenant_id,
        a1_0.updated_at 
    from
        appointments a1_0
2026-02-25T20:51:39.087-03:00 DEBUG 6122 --- [trymily-api] [           main] c.t.api.core.tenant.TenantContextHolder  : Clearing tenant ID
Hibernate: 
    select
        a1_0.id,
        a1_0.created_at,
        a1_0.customer_name,
        a1_0.end_time,
        a1_0.start_time,
        a1_0.status,
        a1_0.tenant_id,
        a1_0.updated_at 
    from
        appointments a1_0
Hibernate: 
    delete 
    from
        appointments 
    where
        id=?
Hibernate: 
    delete 
    from
        appointments 
    where
        id=?
Hibernate: 
    select
        t1_0.id,
        t1_0.address,
        t1_0.created_at,
        t1_0.logo_url,
        t1_0.name,
        t1_0.phone,
        t1_0.settings,
        t1_0.status,
        t1_0.updated_at 
    from
        tenants t1_0
Hibernate: 
    delete 
    from
        tenants 
    where
        id=?
Hibernate: 
    delete 
    from
        tenants 
    where
        id=?
]]></system-out>
    <system-err><![CDATA[Mockito is currently self-attaching to enable the inline-mock-maker. This will no longer work in future releases of the JDK. Please add Mockito as an agent to your build what is described in Mockito's documentation: https://javadoc.io/doc/org.mockito/mockito-core/latest/org/mockito/Mockito.html#0.3
WARNING: A Java agent has been loaded dynamically (/home/mero/.m2/repository/net/bytebuddy/byte-buddy-agent/1.15.11/byte-buddy-agent-1.15.11.jar)
WARNING: If a serviceability tool is in use, please run with -XX:+EnableDynamicAgentLoading to hide this warning
WARNING: If a serviceability tool is not in use, please run with -Djdk.instrument.traceUsage for more information
WARNING: Dynamic loading of agents will be disallowed by default in a future release
]]></system-err>
  </testcase>
  <testcase name="shouldOnlySeeTenantBDataWhenContextIsSetToTenantB" classname="com.trymily.api.core.tenant.RlsIsolationTest" time="0.013">
    <failure message="&#10;Expected size: 1 but was: 2 in:&#10;[com.trymily.api.modules.appointments.Appointment@27b89e0a,&#10;    com.trymily.api.modules.appointments.Appointment@42bb0492]" type="java.lang.AssertionError"><![CDATA[java.lang.AssertionError: 

Expected size: 1 but was: 2 in:
[com.trymily.api.modules.appointments.Appointment@27b89e0a,
    com.trymily.api.modules.appointments.Appointment@42bb0492]
	at com.trymily.api.core.tenant.RlsIsolationTest.shouldOnlySeeTenantBDataWhenContextIsSetToTenantB(RlsIsolationTest.java:89)
	at java.base/java.lang.reflect.Method.invoke(Method.java:580)
	at java.base/java.util.ArrayList.forEach(ArrayList.java:1596)
	at java.base/java.util.ArrayList.forEach(ArrayList.java:1596)
]]></failure>
    <system-out><![CDATA[2026-02-25T20:51:39.101-03:00 DEBUG 6122 --- [trymily-api] [           main] c.t.api.core.tenant.TenantContextHolder  : Clearing tenant ID
Hibernate: 
    insert 
    into
        tenants
        (address, created_at, logo_url, name, phone, settings, status, updated_at, id) 
    values
        (?, ?, ?, ?, ?, ?, ?, ?, ?)
Hibernate: 
    insert 
    into
        tenants
        (address, created_at, logo_url, name, phone, settings, status, updated_at, id) 
    values
        (?, ?, ?, ?, ?, ?, ?, ?, ?)
2026-02-25T20:51:39.103-03:00 DEBUG 6122 --- [trymily-api] [           main] c.t.api.core.tenant.TenantContextHolder  : Setting tenant ID: 30443e76-964c-4d8d-ae66-75c23dc0e6d7
Hibernate: 
    insert 
    into
        appointments
        (created_at, customer_name, end_time, start_time, status, tenant_id, updated_at, id) 
    values
        (?, ?, ?, ?, ?, ?, ?, ?)
2026-02-25T20:51:39.104-03:00 DEBUG 6122 --- [trymily-api] [           main] c.t.api.core.tenant.TenantContextHolder  : Setting tenant ID: 708fbd59-2b28-4c1d-ba8b-700242d5b939
Hibernate: 
    insert 
    into
        appointments
        (created_at, customer_name, end_time, start_time, status, tenant_id, updated_at, id) 
    values
        (?, ?, ?, ?, ?, ?, ?, ?)
2026-02-25T20:51:39.105-03:00 DEBUG 6122 --- [trymily-api] [           main] c.t.api.core.tenant.TenantContextHolder  : Clearing tenant ID
2026-02-25T20:51:39.106-03:00 DEBUG 6122 --- [trymily-api] [           main] c.t.api.core.tenant.TenantContextHolder  : Setting tenant ID: 708fbd59-2b28-4c1d-ba8b-700242d5b939
Hibernate: 
    select
        a1_0.id,
        a1_0.created_at,
        a1_0.customer_name,
        a1_0.end_time,
        a1_0.start_time,
        a1_0.status,
        a1_0.tenant_id,
        a1_0.updated_at 
    from
        appointments a1_0
2026-02-25T20:51:39.108-03:00 DEBUG 6122 --- [trymily-api] [           main] c.t.api.core.tenant.TenantContextHolder  : Clearing tenant ID
Hibernate: 
    select
        a1_0.id,
        a1_0.created_at,
        a1_0.customer_name,
        a1_0.end_time,
        a1_0.start_time,
        a1_0.status,
        a1_0.tenant_id,
        a1_0.updated_at 
    from
        appointments a1_0
Hibernate: 
    delete 
    from
        appointments 
    where
        id=?
Hibernate: 
    delete 
    from
        appointments 
    where
        id=?
Hibernate: 
    select
        t1_0.id,
        t1_0.address,
        t1_0.created_at,
        t1_0.logo_url,
        t1_0.name,
        t1_0.phone,
        t1_0.settings,
        t1_0.status,
        t1_0.updated_at 
    from
        tenants t1_0
Hibernate: 
    delete 
    from
        tenants 
    where
        id=?
Hibernate: 
    delete 
    from
        tenants 
    where
        id=?
]]></system-out>
  </testcase>
  <testcase name="shouldSeeNoDataWhenNoTenantContextIsSet" classname="com.trymily.api.core.tenant.RlsIsolationTest" time="0.013">
    <failure message="&#10;Expecting empty but was: [com.trymily.api.modules.appointments.Appointment@5524e471,&#10;    com.trymily.api.modules.appointments.Appointment@3b6d94fc]" type="java.lang.AssertionError"><![CDATA[java.lang.AssertionError: 

Expecting empty but was: [com.trymily.api.modules.appointments.Appointment@5524e471,
    com.trymily.api.modules.appointments.Appointment@3b6d94fc]
	at com.trymily.api.core.tenant.RlsIsolationTest.shouldSeeNoDataWhenNoTenantContextIsSet(RlsIsolationTest.java:103)
	at java.base/java.lang.reflect.Method.invoke(Method.java:580)
	at java.base/java.util.ArrayList.forEach(ArrayList.java:1596)
	at java.base/java.util.ArrayList.forEach(ArrayList.java:1596)
]]></failure>
    <system-out><![CDATA[2026-02-25T20:51:39.115-03:00 DEBUG 6122 --- [trymily-api] [           main] c.t.api.core.tenant.TenantContextHolder  : Clearing tenant ID
Hibernate: 
    insert 
    into
        tenants
        (address, created_at, logo_url, name, phone, settings, status, updated_at, id) 
    values
        (?, ?, ?, ?, ?, ?, ?, ?, ?)
Hibernate: 
    insert 
    into
        tenants
        (address, created_at, logo_url, name, phone, settings, status, updated_at, id) 
    values
        (?, ?, ?, ?, ?, ?, ?, ?, ?)
2026-02-25T20:51:39.117-03:00 DEBUG 6122 --- [trymily-api] [           main] c.t.api.core.tenant.TenantContextHolder  : Setting tenant ID: 821c82ab-b2a4-443c-af71-50659a86d835
Hibernate: 
    insert 
    into
        appointments
        (created_at, customer_name, end_time, start_time, status, tenant_id, updated_at, id) 
    values
        (?, ?, ?, ?, ?, ?, ?, ?)
2026-02-25T20:51:39.118-03:00 DEBUG 6122 --- [trymily-api] [           main] c.t.api.core.tenant.TenantContextHolder  : Setting tenant ID: b1c21e05-8a69-487c-a084-df62a5c8489c
Hibernate: 
    insert 
    into
        appointments
        (created_at, customer_name, end_time, start_time, status, tenant_id, updated_at, id) 
    values
        (?, ?, ?, ?, ?, ?, ?, ?)
2026-02-25T20:51:39.119-03:00 DEBUG 6122 --- [trymily-api] [           main] c.t.api.core.tenant.TenantContextHolder  : Clearing tenant ID
2026-02-25T20:51:39.120-03:00 DEBUG 6122 --- [trymily-api] [           main] c.t.api.core.tenant.TenantContextHolder  : Clearing tenant ID
Hibernate: 
    select
        a1_0.id,
        a1_0.created_at,
        a1_0.customer_name,
        a1_0.end_time,
        a1_0.start_time,
        a1_0.status,
        a1_0.tenant_id,
        a1_0.updated_at 
    from
        appointments a1_0
2026-02-25T20:51:39.121-03:00 DEBUG 6122 --- [trymily-api] [           main] c.t.api.core.tenant.TenantContextHolder  : Clearing tenant ID
Hibernate: 
    select
        a1_0.id,
        a1_0.created_at,
        a1_0.customer_name,
        a1_0.end_time,
        a1_0.start_time,
        a1_0.status,
        a1_0.tenant_id,
        a1_0.updated_at 
    from
        appointments a1_0
Hibernate: 
    delete 
    from
        appointments 
    where
        id=?
Hibernate: 
    delete 
    from
        appointments 
    where
        id=?
Hibernate: 
    select
        t1_0.id,
        t1_0.address,
        t1_0.created_at,
        t1_0.logo_url,
        t1_0.name,
        t1_0.phone,
        t1_0.settings,
        t1_0.status,
        t1_0.updated_at 
    from
        tenants t1_0
Hibernate: 
    delete 
    from
        tenants 
    where
        id=?
Hibernate: 
    delete 
    from
        tenants 
    where
        id=?
]]></system-out>
  </testcase>
</testsuite>